<?xml version="1.0" encoding="UTF-8"?>
<!-- Generated by org.testng.reporters.JUnitXMLReporter -->
<testsuite hostname="LAPTOP-APVHHELF" ignored="0" name="Default test" tests="4" failures="0" timestamp="16 Jun 2020 19:48:11 GMT" time="120.644" errors="0">
  <testcase name="loginPageTitleTest" time="0.437" classname="com.crms.testScripts.LoginPageTest"/>
  <testcase name="crmLogoImageTest" time="1.394" classname="com.crms.testScripts.LoginPageTest"/>
  <testcase name="loginTest" time="13.227" classname="com.crms.testScripts.LoginPageTest"/>
  <testcase name="loginTest" time="12.043" classname="com.crms.testScripts.LoginPageTest"/>
</testsuite> <!-- Default test -->
