<?xml version="1.0" encoding="UTF-8"?>
<!-- Generated by org.testng.reporters.JUnitXMLReporter -->
<testsuite hostname="LAPTOP-APVHHELF" ignored="0" name="Regression1" tests="1" failures="1" timestamp="06 Jun 2020 19:40:52 GMT" time="22.27" errors="0">
  <testcase name="verifyHomePageText" time="0.02" classname="com.crms.testScripts.HomePageTest">
    <failure type="java.lang.ArithmeticException" message="/ by zero">
      <![CDATA[java.lang.ArithmeticException: / by zero
	at com.crms.testScripts.HomePageTest.verifyHomePageText(HomePageTest.java:34)
... Removed 25 stack frames]]>
    </failure>
  </testcase> <!-- verifyHomePageText -->
</testsuite> <!-- Regression1 -->
